<?xml version="1.0" encoding="UTF-8"?>
<testsuite name="com.snowball.snowball_project_java.SnowballProjectJavaApplicationTests" tests="1" skipped="0" failures="0" errors="0" timestamp="2025-10-10T00:28:43.187Z" hostname="DESKTOP-M6QC12G" time="1.128">
  <properties/>
  <testcase name="contextLoads()" classname="com.snowball.snowball_project_java.SnowballProjectJavaApplicationTests" time="1.128"/>
  <system-out><![CDATA[09:28:31.409 [Test worker] INFO org.springframework.test.context.support.AnnotationConfigContextLoaderUtils -- Could not detect default configuration classes for test class [com.snowball.snowball_project_java.SnowballProjectJavaApplicationTests]: SnowballProjectJavaApplicationTests does not declare any static, non-private, non-final, nested classes annotated with @Configuration.
09:28:31.752 [Test worker] INFO org.springframework.boot.test.context.SpringBootTestContextBootstrapper -- Found @SpringBootConfiguration com.snowball.snowball_project_java.SnowballProjectJavaApplication for test class com.snowball.snowball_project_java.SnowballProjectJavaApplicationTests

  .   ____          _            __ _ _
 /\\ / ___'_ __ _ _(_)_ __  __ _ \ \ \ \
( ( )\___ | '_ | '_| | '_ \/ _` | \ \ \ \
 \\/  ___)| |_)| | | | | || (_| |  ) ) ) )
  '  |____| .__|_| |_|_| |_\__, | / / / /
 =========|_|==============|___/=/_/_/_/

 :: Spring Boot ::                (v3.5.6)

2025-10-10T09:28:33.208+09:00  INFO 10336 --- [snowball-project-java] [    Test worker] .s.s.SnowballProjectJavaApplicationTests : Starting SnowballProjectJavaApplicationTests using Java 17.0.12 with PID 10336 (started by TOMATO690 in C:\Dev\snowball-project-java)
2025-10-10T09:28:33.212+09:00  INFO 10336 --- [snowball-project-java] [    Test worker] .s.s.SnowballProjectJavaApplicationTests : No active profile set, falling back to 1 default profile: "default"
2025-10-10T09:28:35.669+09:00  INFO 10336 --- [snowball-project-java] [    Test worker] .s.d.r.c.RepositoryConfigurationDelegate : Bootstrapping Spring Data JPA repositories in DEFAULT mode.
2025-10-10T09:28:35.730+09:00  INFO 10336 --- [snowball-project-java] [    Test worker] .s.d.r.c.RepositoryConfigurationDelegate : Finished Spring Data repository scanning in 37 ms. Found 0 JPA repository interfaces.
2025-10-10T09:28:37.380+09:00  INFO 10336 --- [snowball-project-java] [    Test worker] o.hibernate.jpa.internal.util.LogHelper  : HHH000204: Processing PersistenceUnitInfo [name: default]
2025-10-10T09:28:37.595+09:00  INFO 10336 --- [snowball-project-java] [    Test worker] org.hibernate.Version                    : HHH000412: Hibernate ORM core version 6.6.29.Final
2025-10-10T09:28:37.716+09:00  INFO 10336 --- [snowball-project-java] [    Test worker] o.h.c.internal.RegionFactoryInitiator    : HHH000026: Second-level cache disabled
2025-10-10T09:28:38.735+09:00  INFO 10336 --- [snowball-project-java] [    Test worker] o.s.o.j.p.SpringPersistenceUnitInfo      : No LoadTimeWeaver setup: ignoring JPA class transformer
2025-10-10T09:28:38.837+09:00  INFO 10336 --- [snowball-project-java] [    Test worker] com.zaxxer.hikari.HikariDataSource       : HikariPool-1 - Starting...
2025-10-10T09:28:39.501+09:00  INFO 10336 --- [snowball-project-java] [    Test worker] com.zaxxer.hikari.pool.HikariPool        : HikariPool-1 - Added connection com.mysql.cj.jdbc.ConnectionImpl@26d8908e
2025-10-10T09:28:39.505+09:00  INFO 10336 --- [snowball-project-java] [    Test worker] com.zaxxer.hikari.HikariDataSource       : HikariPool-1 - Start completed.
2025-10-10T09:28:39.721+09:00  INFO 10336 --- [snowball-project-java] [    Test worker] org.hibernate.orm.connections.pooling    : HHH10001005: Database info:
	Database JDBC URL [Connecting through datasource 'HikariDataSource (HikariPool-1)']
	Database driver: undefined/unknown
	Database version: 8.0.37
	Autocommit mode: undefined/unknown
	Isolation level: undefined/unknown
	Minimum pool size: undefined/unknown
	Maximum pool size: undefined/unknown
2025-10-10T09:28:40.645+09:00  INFO 10336 --- [snowball-project-java] [    Test worker] o.h.e.t.j.p.i.JtaPlatformInitiator       : HHH000489: No JTA platform available (set 'hibernate.transaction.jta.platform' to enable JTA platform integration)
2025-10-10T09:28:40.660+09:00  INFO 10336 --- [snowball-project-java] [    Test worker] j.LocalContainerEntityManagerFactoryBean : Initialized JPA EntityManagerFactory for persistence unit 'default'
2025-10-10T09:28:41.502+09:00  WARN 10336 --- [snowball-project-java] [    Test worker] JpaBaseConfiguration$JpaWebConfiguration : spring.jpa.open-in-view is enabled by default. Therefore, database queries may be performed during view rendering. Explicitly configure spring.jpa.open-in-view to disable this warning
2025-10-10T09:28:43.138+09:00  INFO 10336 --- [snowball-project-java] [    Test worker] .s.s.SnowballProjectJavaApplicationTests : Started SnowballProjectJavaApplicationTests in 10.86 seconds (process running for 14.516)
]]></system-out>
  <system-err><![CDATA[]]></system-err>
</testsuite>
